<?xml version="1.0" encoding="UTF-8"?>
<robot generator="Robot 4.1.2 (Python 3.9.7 on win32)" generated="20211126 00:21:01.079" rpa="false" schemaversion="2">
<suite id="s1" name="Teste" source="C:\Projetos\SuiteTesteCompras\Testes\Teste.robot">
<test id="s1-t1" name="Caso de teste 01: Pesquisar produto 1">
<kw name="Abrir navegador" library="resource" type="SETUP">
<kw name="Open Browser" library="SeleniumLibrary">
<arg>about:blank</arg>
<arg>${BROWSER}</arg>
<doc>Opens a new browser instance to the optional ``url``.</doc>
<msg timestamp="20211126 00:21:01.337" level="INFO">Opening browser 'Chrome' to base url 'about:blank'.</msg>
<status status="PASS" starttime="20211126 00:21:01.337" endtime="20211126 00:21:04.228"/>
</kw>
<status status="PASS" starttime="20211126 00:21:01.336" endtime="20211126 00:21:04.229"/>
</kw>
<kw name="Acessar a página home do site" library="resource">
<kw name="Go To" library="SeleniumLibrary">
<arg>https://www.americanas.com.br</arg>
<doc>Navigates the current browser window to the provided ``url``.</doc>
<msg timestamp="20211126 00:21:04.230" level="INFO">Opening url 'https://www.americanas.com.br'</msg>
<status status="PASS" starttime="20211126 00:21:04.230" endtime="20211126 00:21:06.890"/>
</kw>
<kw name="Title Should Be" library="SeleniumLibrary">
<arg>Americanas - tudo, a toda hora, em qualquer lugar :)</arg>
<doc>Verifies that the current page title equals ``title``.</doc>
<msg timestamp="20211126 00:21:07.847" level="INFO">Page title is 'Americanas - tudo, a toda hora, em qualquer lugar :)'.</msg>
<status status="PASS" starttime="20211126 00:21:06.890" endtime="20211126 00:21:07.847"/>
</kw>
<status status="PASS" starttime="20211126 00:21:04.229" endtime="20211126 00:21:07.847"/>
</kw>
<kw name="Digitar o nome do produto &quot;Smartphone Samsung Galaxy A70&quot; no campo pesquisa" library="resource" sourcename="Digitar o nome do produto &quot;${Produto1}&quot; no campo pesquisa">
<kw name="Input Text" library="SeleniumLibrary">
<arg>id=h_search-input</arg>
<arg>${Produto1}</arg>
<doc>Types the given ``text`` into the text field identified by ``locator``.</doc>
<msg timestamp="20211126 00:21:07.849" level="INFO">Typing text 'Smartphone Samsung Galaxy A70' into text field 'id=h_search-input'.</msg>
<status status="PASS" starttime="20211126 00:21:07.848" endtime="20211126 00:21:08.549"/>
</kw>
<status status="PASS" starttime="20211126 00:21:07.848" endtime="20211126 00:21:08.549"/>
</kw>
<kw name="Clicar no botão Pesquisar" library="resource">
<kw name="Click Element" library="SeleniumLibrary">
<arg>id=h_search-btn</arg>
<doc>Click the element identified by ``locator``.</doc>
<msg timestamp="20211126 00:21:08.550" level="INFO">Clicking element 'id=h_search-btn'.</msg>
<status status="PASS" starttime="20211126 00:21:08.550" endtime="20211126 00:21:12.527"/>
</kw>
<status status="PASS" starttime="20211126 00:21:08.549" endtime="20211126 00:21:12.527"/>
</kw>
<status status="PASS" starttime="20211126 00:21:01.335" endtime="20211126 00:21:12.528"/>
</test>
<test id="s1-t2" name="Caso de teste 02: Pesquisar produto 2">
<kw name="Abrir navegador" library="resource" type="SETUP">
<kw name="Open Browser" library="SeleniumLibrary">
<arg>about:blank</arg>
<arg>${BROWSER}</arg>
<doc>Opens a new browser instance to the optional ``url``.</doc>
<msg timestamp="20211126 00:21:12.530" level="INFO">Opening browser 'Chrome' to base url 'about:blank'.</msg>
<status status="PASS" starttime="20211126 00:21:12.530" endtime="20211126 00:21:15.139"/>
</kw>
<status status="PASS" starttime="20211126 00:21:12.530" endtime="20211126 00:21:15.139"/>
</kw>
<kw name="Acessar a página home do site" library="resource">
<kw name="Go To" library="SeleniumLibrary">
<arg>https://www.americanas.com.br</arg>
<doc>Navigates the current browser window to the provided ``url``.</doc>
<msg timestamp="20211126 00:21:15.141" level="INFO">Opening url 'https://www.americanas.com.br'</msg>
<status status="PASS" starttime="20211126 00:21:15.140" endtime="20211126 00:21:19.184"/>
</kw>
<kw name="Title Should Be" library="SeleniumLibrary">
<arg>Americanas - tudo, a toda hora, em qualquer lugar :)</arg>
<doc>Verifies that the current page title equals ``title``.</doc>
<msg timestamp="20211126 00:21:19.194" level="INFO">Page title is 'Americanas - tudo, a toda hora, em qualquer lugar :)'.</msg>
<status status="PASS" starttime="20211126 00:21:19.184" endtime="20211126 00:21:19.194"/>
</kw>
<status status="PASS" starttime="20211126 00:21:15.140" endtime="20211126 00:21:19.195"/>
</kw>
<kw name="Digitar o nome do produto &quot;Smartphone Motorola One Vision&quot; no campo pesquisa" library="resource" sourcename="Digitar o nome do produto &quot;${Produto1}&quot; no campo pesquisa">
<kw name="Input Text" library="SeleniumLibrary">
<arg>id=h_search-input</arg>
<arg>${Produto1}</arg>
<doc>Types the given ``text`` into the text field identified by ``locator``.</doc>
<msg timestamp="20211126 00:21:19.197" level="INFO">Typing text 'Smartphone Motorola One Vision' into text field 'id=h_search-input'.</msg>
<status status="PASS" starttime="20211126 00:21:19.196" endtime="20211126 00:21:21.295"/>
</kw>
<status status="PASS" starttime="20211126 00:21:19.196" endtime="20211126 00:21:21.296"/>
</kw>
<kw name="Clicar no botão Pesquisar" library="resource">
<kw name="Click Element" library="SeleniumLibrary">
<arg>id=h_search-btn</arg>
<doc>Click the element identified by ``locator``.</doc>
<msg timestamp="20211126 00:21:21.301" level="INFO">Clicking element 'id=h_search-btn'.</msg>
<status status="PASS" starttime="20211126 00:21:21.300" endtime="20211126 00:21:25.769"/>
</kw>
<status status="PASS" starttime="20211126 00:21:21.299" endtime="20211126 00:21:25.769"/>
</kw>
<status status="PASS" starttime="20211126 00:21:12.529" endtime="20211126 00:21:25.770"/>
</test>
<test id="s1-t3" name="Caso de teste 03: Pesquisar produto 3">
<kw name="Abrir navegador" library="resource" type="SETUP">
<kw name="Open Browser" library="SeleniumLibrary">
<arg>about:blank</arg>
<arg>${BROWSER}</arg>
<doc>Opens a new browser instance to the optional ``url``.</doc>
<msg timestamp="20211126 00:21:25.773" level="INFO">Opening browser 'Chrome' to base url 'about:blank'.</msg>
<status status="PASS" starttime="20211126 00:21:25.773" endtime="20211126 00:21:28.761"/>
</kw>
<status status="PASS" starttime="20211126 00:21:25.772" endtime="20211126 00:21:28.761"/>
</kw>
<kw name="Acessar a página home do site" library="resource">
<kw name="Go To" library="SeleniumLibrary">
<arg>https://www.americanas.com.br</arg>
<doc>Navigates the current browser window to the provided ``url``.</doc>
<msg timestamp="20211126 00:21:28.765" level="INFO">Opening url 'https://www.americanas.com.br'</msg>
<status status="PASS" starttime="20211126 00:21:28.764" endtime="20211126 00:21:33.537"/>
</kw>
<kw name="Title Should Be" library="SeleniumLibrary">
<arg>Americanas - tudo, a toda hora, em qualquer lugar :)</arg>
<doc>Verifies that the current page title equals ``title``.</doc>
<msg timestamp="20211126 00:21:33.570" level="INFO">Page title is 'Americanas - tudo, a toda hora, em qualquer lugar :)'.</msg>
<status status="PASS" starttime="20211126 00:21:33.538" endtime="20211126 00:21:33.570"/>
</kw>
<status status="PASS" starttime="20211126 00:21:28.762" endtime="20211126 00:21:33.571"/>
</kw>
<kw name="Digitar o nome do produto &quot;Smartphone Xiaomi Redmi Note 7&quot; no campo pesquisa" library="resource" sourcename="Digitar o nome do produto &quot;${Produto1}&quot; no campo pesquisa">
<kw name="Input Text" library="SeleniumLibrary">
<arg>id=h_search-input</arg>
<arg>${Produto1}</arg>
<doc>Types the given ``text`` into the text field identified by ``locator``.</doc>
<msg timestamp="20211126 00:21:33.573" level="INFO">Typing text 'Smartphone Xiaomi Redmi Note 7' into text field 'id=h_search-input'.</msg>
<status status="PASS" starttime="20211126 00:21:33.572" endtime="20211126 00:21:36.289"/>
</kw>
<status status="PASS" starttime="20211126 00:21:33.572" endtime="20211126 00:21:36.290"/>
</kw>
<kw name="Clicar no botão Pesquisar" library="resource">
<kw name="Click Element" library="SeleniumLibrary">
<arg>id=h_search-btn</arg>
<doc>Click the element identified by ``locator``.</doc>
<msg timestamp="20211126 00:21:36.291" level="INFO">Clicking element 'id=h_search-btn'.</msg>
<status status="PASS" starttime="20211126 00:21:36.291" endtime="20211126 00:21:41.298"/>
</kw>
<status status="PASS" starttime="20211126 00:21:36.290" endtime="20211126 00:21:41.299"/>
</kw>
<status status="PASS" starttime="20211126 00:21:25.771" endtime="20211126 00:21:41.300"/>
</test>
<status status="PASS" starttime="20211126 00:21:01.081" endtime="20211126 00:21:41.302"/>
</suite>
<statistics>
<total>
<stat pass="3" fail="0" skip="0">All Tests</stat>
</total>
<tag>
</tag>
<suite>
<stat pass="3" fail="0" skip="0" id="s1" name="Teste">Teste</stat>
</suite>
</statistics>
<errors>
</errors>
</robot>
